# JRE version: Java(TM) SE Runtime Environment (7.0_80-b15) (build 1.7.0_80-b15)
# Java VM: Java HotSpot(TM) 64-Bit Server VM (24.80-b11 mixed mode linux-amd64 compressed oops)
Heap
 PSYoungGen      total 140288K, used 10240K [0x00000007acd00000, 0x00000007b6000000, 0x0000000800000000)
  eden space 130048K, 0% used [0x00000007acd00000,0x00000007acd00000,0x00000007b4c00000)
  from space 10240K, 100% used [0x00000007b4c00000,0x00000007b5600000,0x00000007b5600000)
  to   space 10240K, 0% used [0x00000007b5600000,0x00000007b5600000,0x00000007b6000000)
 ParOldGen       total 169984K, used 3078K [0x0000000706800000, 0x0000000710e00000, 0x00000007acd00000)
  object space 169984K, 1% used [0x0000000706800000,0x0000000706b01b88,0x0000000710e00000)
 PSPermGen       total 21504K, used 13289K [0x0000000701600000, 0x0000000702b00000, 0x0000000706800000)
  object space 21504K, 61% used [0x0000000701600000,0x00000007022fa6e0,0x0000000702b00000)
GC Heap History (10 events):
Event: 2,423 GC heap after
Heap after GC invocations=1 (full 0):
 PSYoungGen      total 75264K, used 9402K [0x00000007acd00000, 0x00000007b2080000, 0x0000000800000000)
  eden space 65024K, 0% used [0x00000007acd00000,0x00000007acd00000,0x00000007b0c80000)
  from space 10240K, 91% used [0x00000007b0c80000,0x00000007b15aeba0,0x00000007b1680000)
  to   space 10240K, 0% used [0x00000007b1680000,0x00000007b1680000,0x00000007b2080000)
 ParOldGen       total 169984K, used 8K [0x0000000706800000, 0x0000000710e00000, 0x00000007acd00000)
  object space 169984K, 0% used [0x0000000706800000,0x0000000706802000,0x0000000710e00000)
 PSPermGen       total 21504K, used 12116K [0x0000000701600000, 0x0000000702b00000, 0x0000000706800000)
  object space 21504K, 56% used [0x0000000701600000,0x00000007021d5250,0x0000000702b00000)
}
Event: 3,476 GC heap before
{Heap before GC invocations=2 (full 0):
 PSYoungGen      total 75264K, used 74426K [0x00000007acd00000, 0x00000007b2080000, 0x0000000800000000)
  eden space 65024K, 100% used [0x00000007acd00000,0x00000007b0c80000,0x00000007b0c80000)
  from space 10240K, 91% used [0x00000007b0c80000,0x00000007b15aeba0,0x00000007b1680000)
  to   space 10240K, 0% used [0x00000007b1680000,0x00000007b1680000,0x00000007b2080000)
 ParOldGen       total 169984K, used 8K [0x0000000706800000, 0x0000000710e00000, 0x00000007acd00000)
  object space 169984K, 0% used [0x0000000706800000,0x0000000706802000,0x0000000710e00000)
 PSPermGen       total 21504K, used 12254K [0x0000000701600000, 0x0000000702b00000, 0x0000000706800000)
  object space 21504K, 56% used [0x0000000701600000,0x00000007021f78f8,0x0000000702b00000)
Event: 3,491 GC heap after
Heap after GC invocations=2 (full 0):
 PSYoungGen      total 75264K, used 6640K [0x00000007acd00000, 0x00000007b6000000, 0x0000000800000000)
  eden space 65024K, 0% used [0x00000007acd00000,0x00000007acd00000,0x00000007b0c80000)
  from space 10240K, 64% used [0x00000007b1680000,0x00000007b1cfc010,0x00000007b2080000)
  to   space 10240K, 0% used [0x00000007b0c80000,0x00000007b0c80000,0x00000007b1680000)
 ParOldGen       total 169984K, used 16K [0x0000000706800000, 0x0000000710e00000, 0x00000007acd00000)
  object space 169984K, 0% used [0x0000000706800000,0x0000000706804000,0x0000000710e00000)
 PSPermGen       total 21504K, used 12254K [0x0000000701600000, 0x0000000702b00000, 0x0000000706800000)
  object space 21504K, 56% used [0x0000000701600000,0x00000007021f78f8,0x0000000702b00000)
}
Event: 4,305 GC heap before
{Heap before GC invocations=3 (full 0):
 PSYoungGen      total 75264K, used 71664K [0x00000007acd00000, 0x00000007b6000000, 0x0000000800000000)
  eden space 65024K, 100% used [0x00000007acd00000,0x00000007b0c80000,0x00000007b0c80000)
  from space 10240K, 64% used [0x00000007b1680000,0x00000007b1cfc010,0x00000007b2080000)
  to   space 10240K, 0% used [0x00000007b0c80000,0x00000007b0c80000,0x00000007b1680000)
 ParOldGen       total 169984K, used 16K [0x0000000706800000, 0x0000000710e00000, 0x00000007acd00000)
  object space 169984K, 0% used [0x0000000706800000,0x0000000706804000,0x0000000710e00000)
 PSPermGen       total 21504K, used 12397K [0x0000000701600000, 0x0000000702b00000, 0x0000000706800000)
  object space 21504K, 57% used [0x0000000701600000,0x000000070221b568,0x0000000702b00000)
Event: 4,315 GC heap after
Heap after GC invocations=3 (full 0):
 PSYoungGen      total 75264K, used 8976K [0x00000007acd00000, 0x00000007b6000000, 0x0000000800000000)
  eden space 65024K, 0% used [0x00000007acd00000,0x00000007acd00000,0x00000007b0c80000)
  from space 10240K, 87% used [0x00000007b0c80000,0x00000007b1544010,0x00000007b1680000)
  to   space 10240K, 0% used [0x00000007b5600000,0x00000007b5600000,0x00000007b6000000)
 ParOldGen       total 169984K, used 24K [0x0000000706800000, 0x0000000710e00000, 0x00000007acd00000)
  object space 169984K, 0% used [0x0000000706800000,0x0000000706806000,0x0000000710e00000)
 PSPermGen       total 21504K, used 12397K [0x0000000701600000, 0x0000000702b00000, 0x0000000706800000)
  object space 21504K, 57% used [0x0000000701600000,0x000000070221b568,0x0000000702b00000)
}
Event: 5,242 GC heap before
{Heap before GC invocations=4 (full 0):
 PSYoungGen      total 75264K, used 74000K [0x00000007acd00000, 0x00000007b6000000, 0x0000000800000000)
  eden space 65024K, 100% used [0x00000007acd00000,0x00000007b0c80000,0x00000007b0c80000)
  from space 10240K, 87% used [0x00000007b0c80000,0x00000007b1544010,0x00000007b1680000)
  to   space 10240K, 0% used [0x00000007b5600000,0x00000007b5600000,0x00000007b6000000)
 ParOldGen       total 169984K, used 24K [0x0000000706800000, 0x0000000710e00000, 0x00000007acd00000)
  object space 169984K, 0% used [0x0000000706800000,0x0000000706806000,0x0000000710e00000)
 PSPermGen       total 21504K, used 12998K [0x0000000701600000, 0x0000000702b00000, 0x0000000706800000)
  object space 21504K, 60% used [0x0000000701600000,0x00000007022b1b40,0x0000000702b00000)
Event: 5,271 GC heap after
Heap after GC invocations=4 (full 0):
 PSYoungGen      total 140288K, used 10208K [0x00000007acd00000, 0x00000007b6000000, 0x0000000800000000)
  eden space 130048K, 0% used [0x00000007acd00000,0x00000007acd00000,0x00000007b4c00000)
  from space 10240K, 99% used [0x00000007b5600000,0x00000007b5ff8020,0x00000007b6000000)
  to   space 10240K, 0% used [0x00000007b4c00000,0x00000007b4c00000,0x00000007b5600000)
 ParOldGen       total 169984K, used 2850K [0x0000000706800000, 0x0000000710e00000, 0x00000007acd00000)
  object space 169984K, 1% used [0x0000000706800000,0x0000000706ac8960,0x0000000710e00000)
 PSPermGen       total 21504K, used 12998K [0x0000000701600000, 0x0000000702b00000, 0x0000000706800000)
  object space 21504K, 60% used [0x0000000701600000,0x00000007022b1b40,0x0000000702b00000)
}
Event: 5,368 GC heap before
{Heap before GC invocations=5 (full 0):
 PSYoungGen      total 140288K, used 15360K [0x00000007acd00000, 0x00000007b6000000, 0x0000000800000000)
  eden space 130048K, 3% used [0x00000007acd00000,0x00000007ad208370,0x00000007b4c00000)
  from space 10240K, 99% used [0x00000007b5600000,0x00000007b5ff8020,0x00000007b6000000)
  to   space 10240K, 0% used [0x00000007b4c00000,0x00000007b4c00000,0x00000007b5600000)
 ParOldGen       total 169984K, used 2850K [0x0000000706800000, 0x0000000710e00000, 0x00000007acd00000)
  object space 169984K, 1% used [0x0000000706800000,0x0000000706ac8960,0x0000000710e00000)
 PSPermGen       total 21504K, used 13289K [0x0000000701600000, 0x0000000702b00000, 0x0000000706800000)
  object space 21504K, 61% used [0x0000000701600000,0x00000007022fa6e0,0x0000000702b00000)
Event: 5,387 GC heap after
Heap after GC invocations=5 (full 0):
 PSYoungGen      total 140288K, used 10240K [0x00000007acd00000, 0x00000007b6000000, 0x0000000800000000)
  eden space 130048K, 0% used [0x00000007acd00000,0x00000007acd00000,0x00000007b4c00000)
  from space 10240K, 100% used [0x00000007b4c00000,0x00000007b5600000,0x00000007b5600000)
  to   space 10240K, 0% used [0x00000007b5600000,0x00000007b5600000,0x00000007b6000000)
 ParOldGen       total 169984K, used 3078K [0x0000000706800000, 0x0000000710e00000, 0x00000007acd00000)
  object space 169984K, 1% used [0x0000000706800000,0x0000000706b01b88,0x0000000710e00000)
 PSPermGen       total 21504K, used 13289K [0x0000000701600000, 0x0000000702b00000, 0x0000000706800000)
  object space 21504K, 61% used [0x0000000701600000,0x00000007022fa6e0,0x0000000702b00000)
}
Event: 5,387 GC heap before
{Heap before GC invocations=6 (full 1):
 PSYoungGen      total 140288K, used 10240K [0x00000007acd00000, 0x00000007b6000000, 0x0000000800000000)
  eden space 130048K, 0% used [0x00000007acd00000,0x00000007acd00000,0x00000007b4c00000)
  from space 10240K, 100% used [0x00000007b4c00000,0x00000007b5600000,0x00000007b5600000)
  to   space 10240K, 0% used [0x00000007b5600000,0x00000007b5600000,0x00000007b6000000)
 ParOldGen       total 169984K, used 3078K [0x0000000706800000, 0x0000000710e00000, 0x00000007acd00000)
  object space 169984K, 1% used [0x0000000706800000,0x0000000706b01b88,0x0000000710e00000)
 PSPermGen       total 21504K, used 13289K [0x0000000701600000, 0x0000000702b00000, 0x0000000706800000)
  object space 21504K, 61% used [0x0000000701600000,0x00000007022fa6e0,0x0000000702b00000)

